This is pdfTeX, Version 3.141592653-2.6-1.40.27 (MiKTeX 25.3) (preloaded format=pdflatex 2025.3.23)  14 APR 2025 02:37
entering extended mode
 restricted \write18 enabled.
 %&-line parsing enabled.
**./Rapport_tp2.tex
(Rapport_tp2.tex
LaTeX2e <2024-11-01> patch level 2
L3 programming layer <2025-01-18>
(C:\Users\abdou\AppData\Local\Programs\MiKTeX\tex/latex/base\article.cls
Document Class: article 2024/06/29 v1.4n Standard LaTeX document class
(C:\Users\abdou\AppData\Local\Programs\MiKTeX\tex/latex/base\size12.clo
File: size12.clo 2024/06/29 v1.4n Standard LaTeX file (size option)
)
\c@part=\count196
\c@section=\count197
\c@subsection=\count198
\c@subsubsection=\count199
\c@paragraph=\count266
\c@subparagraph=\count267
\c@figure=\count268
\c@table=\count269
\abovecaptionskip=\skip49
\belowcaptionskip=\skip50
\bibindent=\dimen141
)
(C:\Users\abdou\AppData\Local\Programs\MiKTeX\tex/latex/base\inputenc.sty
Package: inputenc 2024/02/08 v1.3d Input encoding file
\inpenc@prehook=\toks17
\inpenc@posthook=\toks18
)
(C:\Users\abdou\AppData\Local\Programs\MiKTeX\tex/latex/base\fontenc.sty
Package: fontenc 2021/04/29 v2.0v Standard LaTeX package
)
(C:\Users\abdou\AppData\Local\Programs\MiKTeX\tex/latex/graphics\graphicx.sty
Package: graphicx 2021/09/16 v1.2d Enhanced LaTeX Graphics (DPC,SPQR)

(C:\Users\abdou\AppData\Local\Programs\MiKTeX\tex/latex/graphics\keyval.sty
Package: keyval 2022/05/29 v1.15 key=value parser (DPC)
\KV@toks@=\toks19
)
(C:\Users\abdou\AppData\Local\Programs\MiKTeX\tex/latex/graphics\graphics.sty
Package: graphics 2024/08/06 v1.4g Standard LaTeX Graphics (DPC,SPQR)

(C:\Users\abdou\AppData\Local\Programs\MiKTeX\tex/latex/graphics\trig.sty
Package: trig 2023/12/02 v1.11 sin cos tan (DPC)
)
(C:\Users\abdou\AppData\Local\Programs\MiKTeX\tex/latex/graphics-cfg\graphics.c
fg
File: graphics.cfg 2016/06/04 v1.11 sample graphics configuration
)
Package graphics Info: Driver file: pdftex.def on input line 106.

(C:\Users\abdou\AppData\Local\Programs\MiKTeX\tex/latex/graphics-def\pdftex.def
File: pdftex.def 2024/04/13 v1.2c Graphics/color driver for pdftex
))
\Gin@req@height=\dimen142
\Gin@req@width=\dimen143
)
(C:\Users\abdou\AppData\Local\Programs\MiKTeX\tex/latex/geometry\geometry.sty
Package: geometry 2020/01/02 v5.9 Page Geometry

(C:\Users\abdou\AppData\Local\Programs\MiKTeX\tex/generic/iftex\ifvtex.sty
Package: ifvtex 2019/10/25 v1.7 ifvtex legacy package. Use iftex instead.

(C:\Users\abdou\AppData\Local\Programs\MiKTeX\tex/generic/iftex\iftex.sty
Package: iftex 2024/12/12 v1.0g TeX engine tests
))
\Gm@cnth=\count270
\Gm@cntv=\count271
\c@Gm@tempcnt=\count272
\Gm@bindingoffset=\dimen144
\Gm@wd@mp=\dimen145
\Gm@odd@mp=\dimen146
\Gm@even@mp=\dimen147
\Gm@layoutwidth=\dimen148
\Gm@layoutheight=\dimen149
\Gm@layouthoffset=\dimen150
\Gm@layoutvoffset=\dimen151
\Gm@dimlist=\toks20

(C:\Users\abdou\AppData\Local\Programs\MiKTeX\tex/latex/geometry\geometry.cfg))
(C:\Users\abdou\AppData\Local\Programs\MiKTeX\tex/latex/setspace\setspace.sty
Package: setspace 2022/12/04 v6.7b set line spacing
)
(C:\Users\abdou\AppData\Local\Programs\MiKTeX\tex/latex/booktabs\booktabs.sty
Package: booktabs 2020/01/12 v1.61803398 Publication quality tables
\heavyrulewidth=\dimen152
\lightrulewidth=\dimen153
\cmidrulewidth=\dimen154
\belowrulesep=\dimen155
\belowbottomsep=\dimen156
\aboverulesep=\dimen157
\abovetopsep=\dimen158
\cmidrulesep=\dimen159
\cmidrulekern=\dimen160
\defaultaddspace=\dimen161
\@cmidla=\count273
\@cmidlb=\count274
\@aboverulesep=\dimen162
\@belowrulesep=\dimen163
\@thisruleclass=\count275
\@lastruleclass=\count276
\@thisrulewidth=\dimen164
)
(C:\Users\abdou\AppData\Local\Programs\MiKTeX\tex/latex/multirow\multirow.sty
Package: multirow 2024/11/12 v2.9 Span multiple rows of a table
\multirow@colwidth=\skip51
\multirow@cntb=\count277
\multirow@dima=\skip52
\bigstrutjot=\dimen165
)
(C:\Users\abdou\AppData\Local\Programs\MiKTeX\tex/latex/hyperref\hyperref.sty
Package: hyperref 2024-11-05 v7.01l Hypertext links for LaTeX

(C:\Users\abdou\AppData\Local\Programs\MiKTeX\tex/latex/kvsetkeys\kvsetkeys.sty
Package: kvsetkeys 2022-10-05 v1.19 Key value parser (HO)
)
(C:\Users\abdou\AppData\Local\Programs\MiKTeX\tex/generic/kvdefinekeys\kvdefine
keys.sty
Package: kvdefinekeys 2019-12-19 v1.6 Define keys (HO)
)
(C:\Users\abdou\AppData\Local\Programs\MiKTeX\tex/generic/pdfescape\pdfescape.s
ty
Package: pdfescape 2019/12/09 v1.15 Implements pdfTeX's escape features (HO)

(C:\Users\abdou\AppData\Local\Programs\MiKTeX\tex/generic/ltxcmds\ltxcmds.sty
Package: ltxcmds 2023-12-04 v1.26 LaTeX kernel commands for general use (HO)
)
(C:\Users\abdou\AppData\Local\Programs\MiKTeX\tex/generic/pdftexcmds\pdftexcmds
.sty
Package: pdftexcmds 2020-06-27 v0.33 Utility functions of pdfTeX for LuaTeX (HO
)

(C:\Users\abdou\AppData\Local\Programs\MiKTeX\tex/generic/infwarerr\infwarerr.s
ty
Package: infwarerr 2019/12/03 v1.5 Providing info/warning/error messages (HO)
)
Package pdftexcmds Info: \pdf@primitive is available.
Package pdftexcmds Info: \pdf@ifprimitive is available.
Package pdftexcmds Info: \pdfdraftmode found.
))
(C:\Users\abdou\AppData\Local\Programs\MiKTeX\tex/latex/hycolor\hycolor.sty
Package: hycolor 2020-01-27 v1.10 Color options for hyperref/bookmark (HO)
)
(C:\Users\abdou\AppData\Local\Programs\MiKTeX\tex/latex/hyperref\nameref.sty
Package: nameref 2023-11-26 v2.56 Cross-referencing by name of section

(C:\Users\abdou\AppData\Local\Programs\MiKTeX\tex/latex/refcount\refcount.sty
Package: refcount 2019/12/15 v3.6 Data extraction from label references (HO)
)
(C:\Users\abdou\AppData\Local\Programs\MiKTeX\tex/generic/gettitlestring\gettit
lestring.sty
Package: gettitlestring 2019/12/15 v1.6 Cleanup title references (HO)

(C:\Users\abdou\AppData\Local\Programs\MiKTeX\tex/latex/kvoptions\kvoptions.sty
Package: kvoptions 2022-06-15 v3.15 Key value format for package options (HO)
))
\c@section@level=\count278
)
(C:\Users\abdou\AppData\Local\Programs\MiKTeX\tex/latex/etoolbox\etoolbox.sty
Package: etoolbox 2025/02/11 v2.5l e-TeX tools for LaTeX (JAW)
\etb@tempcnta=\count279
)
(C:\Users\abdou\AppData\Local\Programs\MiKTeX\tex/generic/stringenc\stringenc.s
ty
Package: stringenc 2019/11/29 v1.12 Convert strings between diff. encodings (HO
)
)
\@linkdim=\dimen166
\Hy@linkcounter=\count280
\Hy@pagecounter=\count281
 (C:\Users\abdou\AppData\Local\Programs\MiKTeX\tex/latex/hyperref\pd1enc.def
File: pd1enc.def 2024-11-05 v7.01l Hyperref: PDFDocEncoding definition (HO)
Now handling font encoding PD1 ...
... no UTF-8 mapping file for font encoding PD1
) (C:\Users\abdou\AppData\Local\Programs\MiKTeX\tex/generic/intcalc\intcalc.sty
Package: intcalc 2019/12/15 v1.3 Expandable calculations with integers (HO)
)
\Hy@SavedSpaceFactor=\count282
 (C:\Users\abdou\AppData\Local\Programs\MiKTeX\tex/latex/hyperref\puenc.def
File: puenc.def 2024-11-05 v7.01l Hyperref: PDF Unicode definition (HO)
Now handling font encoding PU ...
... no UTF-8 mapping file for font encoding PU
)
Package hyperref Info: Hyper figures OFF on input line 4157.
Package hyperref Info: Link nesting OFF on input line 4162.
Package hyperref Info: Hyper index ON on input line 4165.
Package hyperref Info: Plain pages OFF on input line 4172.
Package hyperref Info: Backreferencing OFF on input line 4177.
Package hyperref Info: Implicit mode ON; LaTeX internals redefined.
Package hyperref Info: Bookmarks ON on input line 4424.
\c@Hy@tempcnt=\count283

(C:\Users\abdou\AppData\Local\Programs\MiKTeX\tex/latex/url\url.sty
\Urlmuskip=\muskip17
Package: url 2013/09/16  ver 3.4  Verb mode for urls, etc.
)
LaTeX Info: Redefining \url on input line 4763.
\XeTeXLinkMargin=\dimen167

(C:\Users\abdou\AppData\Local\Programs\MiKTeX\tex/generic/bitset\bitset.sty
Package: bitset 2019/12/09 v1.3 Handle bit-vector datatype (HO)

(C:\Users\abdou\AppData\Local\Programs\MiKTeX\tex/generic/bigintcalc\bigintcalc
.sty
Package: bigintcalc 2019/12/15 v1.5 Expandable calculations on big integers (HO
)
))
\Fld@menulength=\count284
\Field@Width=\dimen168
\Fld@charsize=\dimen169
Package hyperref Info: Hyper figures OFF on input line 6042.
Package hyperref Info: Link nesting OFF on input line 6047.
Package hyperref Info: Hyper index ON on input line 6050.
Package hyperref Info: backreferencing OFF on input line 6057.
Package hyperref Info: Link coloring OFF on input line 6062.
Package hyperref Info: Link coloring with OCG OFF on input line 6067.
Package hyperref Info: PDF/A mode OFF on input line 6072.

(C:\Users\abdou\AppData\Local\Programs\MiKTeX\tex/latex/base\atbegshi-ltx.sty
Package: atbegshi-ltx 2021/01/10 v1.0c Emulation of the original atbegshi
package with kernel methods
)
\Hy@abspage=\count285
\c@Item=\count286
\c@Hfootnote=\count287
)
Package hyperref Info: Driver (autodetected): hpdftex.
(C:\Users\abdou\AppData\Local\Programs\MiKTeX\tex/latex/hyperref\hpdftex.def
File: hpdftex.def 2024-11-05 v7.01l Hyperref driver for pdfTeX

(C:\Users\abdou\AppData\Local\Programs\MiKTeX\tex/latex/base\atveryend-ltx.sty
Package: atveryend-ltx 2020/08/19 v1.0a Emulation of the original atveryend pac
kage
with kernel methods
)
\Fld@listcount=\count288
\c@bookmark@seq@number=\count289

(C:\Users\abdou\AppData\Local\Programs\MiKTeX\tex/latex/rerunfilecheck\rerunfil
echeck.sty
Package: rerunfilecheck 2022-07-10 v1.10 Rerun checks for auxiliary files (HO)

(C:\Users\abdou\AppData\Local\Programs\MiKTeX\tex/generic/uniquecounter\uniquec
ounter.sty
Package: uniquecounter 2019/12/15 v1.4 Provide unlimited unique counter (HO)
)
Package uniquecounter Info: New unique counter `rerunfilecheck' on input line 2
85.
)
\Hy@SectionHShift=\skip53
)
(C:\Users\abdou\AppData\Local\Programs\MiKTeX\tex/latex/float\float.sty
Package: float 2001/11/08 v1.3d Float enhancements (AL)
\c@float@type=\count290
\float@exts=\toks21
\float@box=\box52
\@float@everytoks=\toks22
\@floatcapt=\box53
)
(C:\Users\abdou\AppData\Local\Programs\MiKTeX\tex/latex/placeins\placeins.sty
Package: placeins 2005/04/18  v 2.2
)
(C:\Users\abdou\AppData\Local\Programs\MiKTeX\tex/latex/listings\listings.sty
\lst@mode=\count291
\lst@gtempboxa=\box54
\lst@token=\toks23
\lst@length=\count292
\lst@currlwidth=\dimen170
\lst@column=\count293
\lst@pos=\count294
\lst@lostspace=\dimen171
\lst@width=\dimen172
\lst@newlines=\count295
\lst@lineno=\count296
\lst@maxwidth=\dimen173

(C:\Users\abdou\AppData\Local\Programs\MiKTeX\tex/latex/listings\lstpatch.sty
File: lstpatch.sty 2024/09/23 1.10c (Carsten Heinz)
)
(C:\Users\abdou\AppData\Local\Programs\MiKTeX\tex/latex/listings\lstmisc.sty
File: lstmisc.sty 2024/09/23 1.10c (Carsten Heinz)
\c@lstnumber=\count297
\lst@skipnumbers=\count298
\lst@framebox=\box55
)
(C:\Users\abdou\AppData\Local\Programs\MiKTeX\tex/latex/listings\listings.cfg
File: listings.cfg 2024/09/23 1.10c listings configuration
))
Package: listings 2024/09/23 1.10c (Carsten Heinz)
(C:\Users\abdou\AppData\Local\Programs\MiKTeX\tex/latex/xcolor\xcolor.sty
Package: xcolor 2024/09/29 v3.02 LaTeX color extensions (UK)

(C:\Users\abdou\AppData\Local\Programs\MiKTeX\tex/latex/graphics-cfg\color.cfg
File: color.cfg 2016/01/02 v1.6 sample color configuration
)
Package xcolor Info: Driver file: pdftex.def on input line 274.
(C:\Users\abdou\AppData\Local\Programs\MiKTeX\tex/latex/graphics\mathcolor.ltx)
Package xcolor Info: Model `cmy' substituted by `cmy0' on input line 1349.
Package xcolor Info: Model `hsb' substituted by `rgb' on input line 1353.
Package xcolor Info: Model `RGB' extended on input line 1365.
Package xcolor Info: Model `HTML' substituted by `rgb' on input line 1367.
Package xcolor Info: Model `Hsb' substituted by `hsb' on input line 1368.
Package xcolor Info: Model `tHsb' substituted by `hsb' on input line 1369.
Package xcolor Info: Model `HSB' substituted by `hsb' on input line 1370.
Package xcolor Info: Model `Gray' substituted by `gray' on input line 1371.
Package xcolor Info: Model `wave' substituted by `hsb' on input line 1372.
)
(C:\Users\abdou\AppData\Local\Programs\MiKTeX\tex/latex/l3backend\l3backend-pdf
tex.def
File: l3backend-pdftex.def 2024-05-08 L3 backend support: PDF output (pdfTeX)
\l__color_backend_stack_int=\count299
\l__pdf_internal_box=\box56
) (Rapport_tp2.aux

LaTeX Warning: Label `fig:MI-1stS' multiply defined.

)
\openout1 = `Rapport_tp2.aux'.

LaTeX Font Info:    Checking defaults for OML/cmm/m/it on input line 35.
LaTeX Font Info:    ... okay on input line 35.
LaTeX Font Info:    Checking defaults for OMS/cmsy/m/n on input line 35.
LaTeX Font Info:    ... okay on input line 35.
LaTeX Font Info:    Checking defaults for OT1/cmr/m/n on input line 35.
LaTeX Font Info:    ... okay on input line 35.
LaTeX Font Info:    Checking defaults for T1/cmr/m/n on input line 35.
LaTeX Font Info:    ... okay on input line 35.
LaTeX Font Info:    Checking defaults for TS1/cmr/m/n on input line 35.
LaTeX Font Info:    ... okay on input line 35.
LaTeX Font Info:    Checking defaults for OMX/cmex/m/n on input line 35.
LaTeX Font Info:    ... okay on input line 35.
LaTeX Font Info:    Checking defaults for U/cmr/m/n on input line 35.
LaTeX Font Info:    ... okay on input line 35.
LaTeX Font Info:    Checking defaults for PD1/pdf/m/n on input line 35.
LaTeX Font Info:    ... okay on input line 35.
LaTeX Font Info:    Checking defaults for PU/pdf/m/n on input line 35.
LaTeX Font Info:    ... okay on input line 35.

(C:\Users\abdou\AppData\Local\Programs\MiKTeX\tex/context/base/mkii\supp-pdf.mk
ii
[Loading MPS to PDF converter (version 2006.09.02).]
\scratchcounter=\count300
\scratchdimen=\dimen174
\scratchbox=\box57
\nofMPsegments=\count301
\nofMParguments=\count302
\everyMPshowfont=\toks24
\MPscratchCnt=\count303
\MPscratchDim=\dimen175
\MPnumerator=\count304
\makeMPintoPDFobject=\count305
\everyMPtoPDFconversion=\toks25
)
(C:\Users\abdou\AppData\Local\Programs\MiKTeX\tex/latex/epstopdf-pkg\epstopdf-b
ase.sty
Package: epstopdf-base 2020-01-24 v2.11 Base part for package epstopdf
Package epstopdf-base Info: Redefining graphics rule for `.eps' on input line 4
85.

(C:\Users\abdou\AppData\Local\Programs\MiKTeX\tex/latex/00miktex\epstopdf-sys.c
fg
File: epstopdf-sys.cfg 2021/03/18 v2.0 Configuration of epstopdf for MiKTeX
))
*geometry* driver: auto-detecting
*geometry* detected driver: pdftex
*geometry* verbose mode - [ preamble ] result:
* driver: pdftex
* paper: a4paper
* layout: <same size as paper>
* layoutoffset:(h,v)=(0.0pt,0.0pt)
* modes: 
* h-part:(L,W,R)=(42.67912pt, 512.14963pt, 42.67912pt)
* v-part:(T,H,B)=(42.67912pt, 759.6886pt, 42.67912pt)
* \paperwidth=597.50787pt
* \paperheight=845.04684pt
* \textwidth=512.14963pt
* \textheight=759.6886pt
* \oddsidemargin=-29.59087pt
* \evensidemargin=-29.59087pt
* \topmargin=-66.59087pt
* \headheight=12.0pt
* \headsep=25.0pt
* \topskip=12.0pt
* \footskip=30.0pt
* \marginparwidth=35.0pt
* \marginparsep=10.0pt
* \columnsep=10.0pt
* \skip\footins=10.8pt plus 4.0pt minus 2.0pt
* \hoffset=0.0pt
* \voffset=0.0pt
* \mag=1000
* \@twocolumnfalse
* \@twosidefalse
* \@mparswitchfalse
* \@reversemarginfalse
* (1in=72.27pt=25.4mm, 1cm=28.453pt)

Package hyperref Info: Link coloring OFF on input line 35.
(Rapport_tp2.out) (Rapport_tp2.out)
\@outlinefile=\write3
\openout3 = `Rapport_tp2.out'.

\c@lstlisting=\count306
<Logo/university-logo.png, id=67, 389.455pt x 391.4625pt>
File: Logo/university-logo.png Graphic file (type png)
<use Logo/university-logo.png>
Package pdftex.def Info: Logo/university-logo.png  used on input line 38.
(pdftex.def)             Requested size: 76.8193pt x 77.20995pt.
LaTeX Font Info:    External font `cmex10' loaded for size
(Font)              <12> on input line 39.
LaTeX Font Info:    External font `cmex10' loaded for size
(Font)              <8> on input line 39.
LaTeX Font Info:    External font `cmex10' loaded for size
(Font)              <6> on input line 39.
<Logo/ntic-logo.png, id=69, 72.27pt x 72.7518pt>
File: Logo/ntic-logo.png Graphic file (type png)
<use Logo/ntic-logo.png>
Package pdftex.def Info: Logo/ntic-logo.png  used on input line 49.
(pdftex.def)             Requested size: 76.8193pt x 77.3352pt.

Overfull \hbox (50.96301pt too wide) in paragraph at lines 76--87
[][]  [] 
 []



[1

{C:/Users/abdou/AppData/Local/MiKTeX/fonts/map/pdftex/pdftex.map} <./Logo/unive
rsity-logo.png> <./Logo/ntic-logo.png>] (Rapport_tp2.toc)
\tf@toc=\write4
\openout4 = `Rapport_tp2.toc'.




pdfTeX warning (ext4): destination with the same identifier (name{page.1}) has 
been already used, duplicate ignored
<to be read again> 
                   \relax 
l.97 \newpage
              [1] (Rapport_tp2.lot)
\tf@lot=\write5
\openout5 = `Rapport_tp2.lot'.



[2] (Rapport_tp2.lof)
\tf@lof=\write6
\openout6 = `Rapport_tp2.lof'.



[3]
<AbdouPhotos/Maintainability/SummaryBefore.png, id=149, 483.30562pt x 179.16937
pt>
File: AbdouPhotos/Maintainability/SummaryBefore.png Graphic file (type png)
<use AbdouPhotos/Maintainability/SummaryBefore.png>
Package pdftex.def Info: AbdouPhotos/Maintainability/SummaryBefore.png  used on
 input line 147.
(pdftex.def)             Requested size: 512.14963pt x 189.88309pt.



pdfTeX warning (ext4): destination with the same identifier (name{page.1}) has 
been already used, duplicate ignored
<to be read again> 
                   \relax 
l.151 
       [1]
<AbdouPhotos/Security/SecurityIssue.png, id=153, 423.83344pt x 52.69687pt>
File: AbdouPhotos/Security/SecurityIssue.png Graphic file (type png)
<use AbdouPhotos/Security/SecurityIssue.png>
Package pdftex.def Info: AbdouPhotos/Security/SecurityIssue.png  used on input 
line 156.
(pdftex.def)             Requested size: 512.14963pt x 63.67976pt.
<AbdouPhotos/Security/SecurityIssueSolution.png, id=154, 834.86906pt x 13.55063
pt>
File: AbdouPhotos/Security/SecurityIssueSolution.png Graphic file (type png)
<use AbdouPhotos/Security/SecurityIssueSolution.png>
Package pdftex.def Info: AbdouPhotos/Security/SecurityIssueSolution.png  used o
n input line 162.
(pdftex.def)             Requested size: 512.14963pt x 8.313pt.
<AbdouPhotos/Maintainability/MaintainabilityOverview.png, id=155, 457.71pt x 39
0.70969pt>
File: AbdouPhotos/Maintainability/MaintainabilityOverview.png Graphic file (typ
e png)
<use AbdouPhotos/Maintainability/MaintainabilityOverview.png>
Package pdftex.def Info: AbdouPhotos/Maintainability/MaintainabilityOverview.pn
g  used on input line 170.
(pdftex.def)             Requested size: 409.72125pt x 349.7575pt.
<AbdouPhotos/Maintainability/jButton1.png, id=156, 277.78781pt x 73.02281pt>
File: AbdouPhotos/Maintainability/jButton1.png Graphic file (type png)
<use AbdouPhotos/Maintainability/jButton1.png>
Package pdftex.def Info: AbdouPhotos/Maintainability/jButton1.png  used on inpu
t line 176.
(pdftex.def)             Requested size: 512.14963pt x 134.64769pt.



pdfTeX warning (ext4): destination with the same identifier (name{page.2}) has 
been already used, duplicate ignored
<to be read again> 
                   \relax 
l.179 \end{figure}
                   [2
pdfTeX warning (ext4): destination with the same identifier (name{figure.1}) ha
s been already used, duplicate ignored
<argument> ...shipout:D \box_use:N \l_shipout_box 
                                                  \__shipout_drop_firstpage_...
l.179 \end{figure}
                  
pdfTeX warning (ext4): destination with the same identifier (name{figure.2}) ha
s been already used, duplicate ignored
<argument> ...shipout:D \box_use:N \l_shipout_box 
                                                  \__shipout_drop_firstpage_...
l.179 \end{figure}
                  
pdfTeX warning (ext4): destination with the same identifier (name{figure.3}) ha
s been already used, duplicate ignored
<argument> ...shipout:D \box_use:N \l_shipout_box 
                                                  \__shipout_drop_firstpage_...
l.179 \end{figure}
                   <./AbdouPhotos/Maintainability/SummaryBefore.png> <./AbdouPh
otos/Security/SecurityIssue.png> <./AbdouPhotos/Security/SecurityIssueSolution.
png>]
<AbdouPhotos/Maintainability/jButton1Solution.png, id=163, 437.38406pt x 29.359
68pt>
File: AbdouPhotos/Maintainability/jButton1Solution.png Graphic file (type png)
<use AbdouPhotos/Maintainability/jButton1Solution.png>
Package pdftex.def Info: AbdouPhotos/Maintainability/jButton1Solution.png  used
 on input line 182.
(pdftex.def)             Requested size: 512.14963pt x 34.37888pt.
<AbdouPhotos/Maintainability/jButton2.png, id=164, 783.67781pt x 94.47797pt>
File: AbdouPhotos/Maintainability/jButton2.png Graphic file (type png)
<use AbdouPhotos/Maintainability/jButton2.png>
Package pdftex.def Info: AbdouPhotos/Maintainability/jButton2.png  used on inpu
t line 188.
(pdftex.def)             Requested size: 512.14963pt x 61.74727pt.
<AbdouPhotos/Maintainability/jButton2Solution.png, id=165, 419.31656pt x 29.359
68pt>
File: AbdouPhotos/Maintainability/jButton2Solution.png Graphic file (type png)
<use AbdouPhotos/Maintainability/jButton2Solution.png>
Package pdftex.def Info: AbdouPhotos/Maintainability/jButton2Solution.png  used
 on input line 194.
(pdftex.def)             Requested size: 512.14963pt x 35.8595pt.



pdfTeX warning (ext4): destination with the same identifier (name{page.3}) has 
been already used, duplicate ignored
<to be read again> 
                   \relax 
l.197 \end{figure}
                   [3
pdfTeX warning (ext4): destination with the same identifier (name{figure.4}) ha
s been already used, duplicate ignored
<argument> ...shipout:D \box_use:N \l_shipout_box 
                                                  \__shipout_drop_firstpage_...
l.197 \end{figure}
                  
pdfTeX warning (ext4): destination with the same identifier (name{figure.5}) ha
s been already used, duplicate ignored
<argument> ...shipout:D \box_use:N \l_shipout_box 
                                                  \__shipout_drop_firstpage_...
l.197 \end{figure}
                  
pdfTeX warning (ext4): destination with the same identifier (name{figure.6}) ha
s been already used, duplicate ignored
<argument> ...shipout:D \box_use:N \l_shipout_box 
                                                  \__shipout_drop_firstpage_...
l.197 \end{figure}
                   <./AbdouPhotos/Maintainability/MaintainabilityOverview.png> 
<./AbdouPhotos/Maintainability/jButton1.png> <./AbdouPhotos/Maintainability/jBu
tton1Solution.png>]
<AbdouPhotos/Maintainability/jButton4.png, id=173, 641.39626pt x 73.77562pt>
File: AbdouPhotos/Maintainability/jButton4.png Graphic file (type png)
<use AbdouPhotos/Maintainability/jButton4.png>
Package pdftex.def Info: AbdouPhotos/Maintainability/jButton4.png  used on inpu
t line 200.
(pdftex.def)             Requested size: 512.14963pt x 58.91023pt.
<AbdouPhotos/Maintainability/jButton4Solution.png, id=174, 813.0375pt x 21.8315
6pt>
File: AbdouPhotos/Maintainability/jButton4Solution.png Graphic file (type png)
<use AbdouPhotos/Maintainability/jButton4Solution.png>
Package pdftex.def Info: AbdouPhotos/Maintainability/jButton4Solution.png  used
 on input line 206.
(pdftex.def)             Requested size: 512.14963pt x 13.75261pt.
<AbdouPhotos/Maintainability/jButton5.png, id=175, 648.17157pt x 75.28125pt>
File: AbdouPhotos/Maintainability/jButton5.png Graphic file (type png)
<use AbdouPhotos/Maintainability/jButton5.png>
Package pdftex.def Info: AbdouPhotos/Maintainability/jButton5.png  used on inpu
t line 212.
(pdftex.def)             Requested size: 512.14963pt x 59.48645pt.
<AbdouPhotos/Maintainability/jButton5Solution.png, id=176, 748.29562pt x 17.314
68pt>
File: AbdouPhotos/Maintainability/jButton5Solution.png Graphic file (type png)
<use AbdouPhotos/Maintainability/jButton5Solution.png>
Package pdftex.def Info: AbdouPhotos/Maintainability/jButton5Solution.png  used
 on input line 218.
(pdftex.def)             Requested size: 512.14963pt x 11.85095pt.
<AbdouPhotos/Maintainability/jButton6.png, id=177, 646.66594pt x 69.25874pt>
File: AbdouPhotos/Maintainability/jButton6.png Graphic file (type png)
<use AbdouPhotos/Maintainability/jButton6.png>
Package pdftex.def Info: AbdouPhotos/Maintainability/jButton6.png  used on inpu
t line 224.
(pdftex.def)             Requested size: 512.14963pt x 54.85434pt.
<AbdouPhotos/Maintainability/jButton6Solution.png, id=178, 741.52031pt x 17.314
68pt>
File: AbdouPhotos/Maintainability/jButton6Solution.png Graphic file (type png)
<use AbdouPhotos/Maintainability/jButton6Solution.png>
Package pdftex.def Info: AbdouPhotos/Maintainability/jButton6Solution.png  used
 on input line 230.
(pdftex.def)             Requested size: 512.14963pt x 11.95901pt.
<AbdouPhotos/Maintainability/jButton7.png, id=179, 647.41875pt x 71.51718pt>
File: AbdouPhotos/Maintainability/jButton7.png Graphic file (type png)
<use AbdouPhotos/Maintainability/jButton7.png>
Package pdftex.def Info: AbdouPhotos/Maintainability/jButton7.png  used on inpu
t line 236.
(pdftex.def)             Requested size: 512.14963pt x 56.5776pt.


[4
pdfTeX warning (ext4): destination with the same identifier (name{figure.7}) ha
s been already used, duplicate ignored
<argument> ...shipout:D \box_use:N \l_shipout_box 
                                                  \__shipout_drop_firstpage_...
l.239 \end{figure}
                  
pdfTeX warning (ext4): destination with the same identifier (name{figure.8}) ha
s been already used, duplicate ignored
<argument> ...shipout:D \box_use:N \l_shipout_box 
                                                  \__shipout_drop_firstpage_...
l.239 \end{figure}
                  
pdfTeX warning (ext4): destination with the same identifier (name{figure.9}) ha
s been already used, duplicate ignored
<argument> ...shipout:D \box_use:N \l_shipout_box 
                                                  \__shipout_drop_firstpage_...
l.239 \end{figure}
                  
pdfTeX warning (ext4): destination with the same identifier (name{figure.10}) h
as been already used, duplicate ignored
<argument> ...shipout:D \box_use:N \l_shipout_box 
                                                  \__shipout_drop_firstpage_...
l.239 \end{figure}
                  
pdfTeX warning (ext4): destination with the same identifier (name{figure.11}) h
as been already used, duplicate ignored
<argument> ...shipout:D \box_use:N \l_shipout_box 
                                                  \__shipout_drop_firstpage_...
l.239 \end{figure}
                  
pdfTeX warning (ext4): destination with the same identifier (name{figure.12}) h
as been already used, duplicate ignored
<argument> ...shipout:D \box_use:N \l_shipout_box 
                                                  \__shipout_drop_firstpage_...
l.239 \end{figure}
                  
pdfTeX warning (ext4): destination with the same identifier (name{figure.13}) h
as been already used, duplicate ignored
<argument> ...shipout:D \box_use:N \l_shipout_box 
                                                  \__shipout_drop_firstpage_...
l.239 \end{figure}
                   <./AbdouPhotos/Maintainability/jButton2.png> <./AbdouPhotos/
Maintainability/jButton2Solution.png> <./AbdouPhotos/Maintainability/jButton4.p
ng> <./AbdouPhotos/Maintainability/jButton4Solution.png> <./AbdouPhotos/Maintai
nability/jButton5.png> <./AbdouPhotos/Maintainability/jButton5Solution.png> <./
AbdouPhotos/Maintainability/jButton6.png>]
<AbdouPhotos/Maintainability/jButton7Solution.png, id=191, 747.54282pt x 18.067
5pt>
File: AbdouPhotos/Maintainability/jButton7Solution.png Graphic file (type png)
<use AbdouPhotos/Maintainability/jButton7Solution.png>
Package pdftex.def Info: AbdouPhotos/Maintainability/jButton7Solution.png  used
 on input line 242.
(pdftex.def)             Requested size: 512.14963pt x 12.37863pt.
<AbdouPhotos/Maintainability/ResultAfter.png, id=192, 458.46281pt x 187.45032pt
>
File: AbdouPhotos/Maintainability/ResultAfter.png Graphic file (type png)
<use AbdouPhotos/Maintainability/ResultAfter.png>
Package pdftex.def Info: AbdouPhotos/Maintainability/ResultAfter.png  used on i
nput line 251.
(pdftex.def)             Requested size: 512.14963pt x 209.41089pt.


[5
pdfTeX warning (ext4): destination with the same identifier (name{figure.14}) h
as been already used, duplicate ignored
<argument> ...shipout:D \box_use:N \l_shipout_box 
                                                  \__shipout_drop_firstpage_...
l.274 \end{document}
                    
pdfTeX warning (ext4): destination with the same identifier (name{figure.15}) h
as been already used, duplicate ignored
<argument> ...shipout:D \box_use:N \l_shipout_box 
                                                  \__shipout_drop_firstpage_...
l.274 \end{document}
                    
pdfTeX warning (ext4): destination with the same identifier (name{figure.16}) h
as been already used, duplicate ignored
<argument> ...shipout:D \box_use:N \l_shipout_box 
                                                  \__shipout_drop_firstpage_...
l.274 \end{document}
                    
pdfTeX warning (ext4): destination with the same identifier (name{figure.17}) h
as been already used, duplicate ignored
<argument> ...shipout:D \box_use:N \l_shipout_box 
                                                  \__shipout_drop_firstpage_...
l.274 \end{document}
                    
pdfTeX warning (ext4): destination with the same identifier (name{table.1}) has
 been already used, duplicate ignored
<argument> ...shipout:D \box_use:N \l_shipout_box 
                                                  \__shipout_drop_firstpage_...
l.274 \end{document}
                     <./AbdouPhotos/Maintainability/jButton6Solution.png> <./Ab
douPhotos/Maintainability/jButton7.png> <./AbdouPhotos/Maintainability/jButton7
Solution.png> <./AbdouPhotos/Maintainability/ResultAfter.png>] (Rapport_tp2.aux
)
 ***********
LaTeX2e <2024-11-01> patch level 2
L3 programming layer <2025-01-18>
 ***********


LaTeX Warning: There were multiply-defined labels.

Package rerunfilecheck Info: File `Rapport_tp2.out' has not changed.
(rerunfilecheck)             Checksum: F1999A355137DB12BF2D1CF5F3295296;2602.
 ) 
Here is how much of TeX's memory you used:
 11516 strings out of 473522
 182753 string characters out of 5714609
 585467 words of memory out of 5000000
 34565 multiletter control sequences out of 15000+600000
 568088 words of font info for 54 fonts, out of 8000000 for 9000
 1141 hyphenation exceptions out of 8191
 75i,8n,79p,301b,464s stack positions out of 10000i,1000n,20000p,200000b,200000s
 <C:\Users\abdou\AppData\Local\MiKTeX\fonts/pk/ljfour/jknappen/ec/dpi600\ecbx
1728.pk> <C:\Users\abdou\AppData\Local\MiKTeX\fonts/pk/ljfour/jknappen/ec/dpi60
0\ecbx1440.pk> <C:\Users\abdou\AppData\Local\MiKTeX\fonts/pk/ljfour/jknappen/ec
/dpi600\tcrm1200.pk> <C:\Users\abdou\AppData\Local\MiKTeX\fonts/pk/ljfour/jknap
pen/ec/dpi600\ecbx1200.pk> <C:\Users\abdou\AppData\Local\MiKTeX\fonts/pk/ljfour
/jknappen/ec/dpi600\ecbx2074.pk> <C:\Users\abdou\AppData\Local\MiKTeX\fonts/pk/
ljfour/jknappen/ec/dpi600\ecrm1200.pk>
Output written on Rapport_tp2.pdf (9 pages, 999635 bytes).
PDF statistics:
 443 PDF objects out of 1000 (max. 8388607)
 43 named destinations out of 1000 (max. 500000)
 224 words of extra memory for PDF output out of 10000 (max. 10000000)

